Mplus VERSION 7.4
MUTHEN & MUTHEN
10/21/2020  12:35 PM

INPUT INSTRUCTIONS

  TITLE: Your title goes here
  DATA: FILE = "swls.dat";
  VARIABLE:
  NAMES = id assess sex swls1 swls2 swls3 swls4 swls5;
  MISSING=.;
  USEVAR=swls1 swls2 swls3 swls4 swls5;
  IDVAR=id;
  ANALYSIS: estimator = MLR;
  !type=random;
  !algorithm = integration;
  MODEL:
  f BY swls1 swls2 swls3 swls4 swls5;
  !int | f XWITH f;
  !swls5 ON int;
  OUTPUT:
  cinterval tech1 tech3 res;
  PLOT:
  type = plot1 plot2 plot3;



*** WARNING
  Data set contains cases with missing on all variables.
  These cases were not included in the analysis.
  Number of cases with missing on all variables:  30
   1 WARNING(S) FOUND IN THE INPUT INSTRUCTIONS



Your title goes here

SUMMARY OF ANALYSIS

Number of groups                                                 1
Number of observations                                         346

Number of dependent variables                                    5
Number of independent variables                                  0
Number of continuous latent variables                            1

Observed dependent variables

  Continuous
   SWLS1       SWLS2       SWLS3       SWLS4       SWLS5

Continuous latent variables
   F

Variables with special functions

  ID variable           ID

Estimator                                                      MLR
Information matrix                                        OBSERVED
Maximum number of iterations                                  1000
Convergence criterion                                    0.500D-04
Maximum number of steepest descent iterations                   20
Maximum number of iterations for H1                           2000
Convergence criterion for H1                             0.100D-03

Input data file(s)
  swls.dat

Input data format  FREE


SUMMARY OF DATA

     Number of missing data patterns             1


COVARIANCE COVERAGE OF DATA

Minimum covariance coverage value   0.100


     PROPORTION OF DATA PRESENT


           Covariance Coverage
              SWLS1         SWLS2         SWLS3         SWLS4         SWLS5
              ________      ________      ________      ________      ________
 SWLS1          1.000
 SWLS2          1.000         1.000
 SWLS3          1.000         1.000         1.000
 SWLS4          1.000         1.000         1.000         1.000
 SWLS5          1.000         1.000         1.000         1.000         1.000



THE MODEL ESTIMATION TERMINATED NORMALLY



MODEL FIT INFORMATION

Number of Free Parameters                       15

Loglikelihood

          H0 Value                       -2632.260
          H0 Scaling Correction Factor      1.3290
            for MLR
          H1 Value                       -2606.927
          H1 Scaling Correction Factor      1.4160
            for MLR

Information Criteria

          Akaike (AIC)                    5294.521
          Bayesian (BIC)                  5352.217
          Sample-Size Adjusted BIC        5304.633
            (n* = (n + 2) / 24)

Chi-Square Test of Model Fit

          Value                             30.208*
          Degrees of Freedom                     5
          P-Value                           0.0000
          Scaling Correction Factor         1.6772
            for MLR

*   The chi-square value for MLM, MLMV, MLR, ULSMV, WLSM and WLSMV cannot be used
    for chi-square difference testing in the regular way.  MLM, MLR and WLSM
    chi-square difference testing is described on the Mplus website.  MLMV, WLSMV,
    and ULSMV difference testing is done using the DIFFTEST option.

RMSEA (Root Mean Square Error Of Approximation)

          Estimate                           0.121
          90 Percent C.I.                    0.081  0.164
          Probability RMSEA <= .05           0.002

CFI/TLI

          CFI                                0.960
          TLI                                0.921

Chi-Square Test of Model Fit for the Baseline Model

          Value                            645.205
          Degrees of Freedom                    10
          P-Value                           0.0000

SRMR (Standardized Root Mean Square Residual)

          Value                              0.032



MODEL RESULTS

                                                    Two-Tailed
                    Estimate       S.E.  Est./S.E.    P-Value

 F        BY
    SWLS1              1.000      0.000    999.000    999.000
    SWLS2              0.941      0.041     22.858      0.000
    SWLS3              1.013      0.046     22.212      0.000
    SWLS4              0.938      0.056     16.649      0.000
    SWLS5              0.949      0.065     14.491      0.000

 Intercepts
    SWLS1              5.075      0.081     62.793      0.000
    SWLS2              5.367      0.075     71.088      0.000
    SWLS3              5.422      0.076     71.192      0.000
    SWLS4              5.223      0.085     61.767      0.000
    SWLS5              4.772      0.099     48.206      0.000

 Variances
    F                  1.643      0.161     10.212      0.000

 Residual Variances
    SWLS1              0.617      0.094      6.571      0.000
    SWLS2              0.516      0.072      7.179      0.000
    SWLS3              0.320      0.058      5.485      0.000
    SWLS4              1.028      0.137      7.475      0.000
    SWLS5              1.911      0.198      9.675      0.000


QUALITY OF NUMERICAL RESULTS

     Condition Number for the Information Matrix              0.494E-02
       (ratio of smallest to largest eigenvalue)


CONFIDENCE INTERVALS OF MODEL RESULTS

                  Lower .5%  Lower 2.5%    Lower 5%    Estimate    Upper 5%  Upper 2.5%   Upper .5%

 F        BY
    SWLS1            1.000       1.000       1.000       1.000       1.000       1.000       1.000
    SWLS2            0.835       0.861       0.874       0.941       1.009       1.022       1.047
    SWLS3            0.896       0.924       0.938       1.013       1.088       1.103       1.131
    SWLS4            0.793       0.828       0.845       0.938       1.031       1.049       1.083
    SWLS5            0.780       0.820       0.841       0.949       1.056       1.077       1.117

 Intercepts
    SWLS1            4.867       4.917       4.942       5.075       5.208       5.234       5.283
    SWLS2            5.173       5.219       5.243       5.367       5.491       5.515       5.562
    SWLS3            5.226       5.273       5.297       5.422       5.547       5.571       5.618
    SWLS4            5.005       5.057       5.083       5.223       5.362       5.388       5.440
    SWLS5            4.517       4.578       4.609       4.772       4.935       4.966       5.027

 Variances
    F                1.229       1.328       1.379       1.643       1.908       1.959       2.058

 Residual Variances
    SWLS1            0.375       0.433       0.463       0.617       0.771       0.801       0.859
    SWLS2            0.331       0.375       0.398       0.516       0.634       0.657       0.701
    SWLS3            0.170       0.206       0.224       0.320       0.416       0.435       0.471
    SWLS4            0.673       0.758       0.801       1.028       1.254       1.297       1.382
    SWLS5            1.402       1.524       1.586       1.911       2.236       2.298       2.420


RESIDUAL OUTPUT


     ESTIMATED MODEL AND RESIDUALS (OBSERVED - ESTIMATED)


           Model Estimated Means/Intercepts/Thresholds
              SWLS1         SWLS2         SWLS3         SWLS4         SWLS5
              ________      ________      ________      ________      ________
      1         5.075         5.367         5.422         5.223         4.772


           Residuals for Means/Intercepts/Thresholds
              SWLS1         SWLS2         SWLS3         SWLS4         SWLS5
              ________      ________      ________      ________      ________
      1         0.000         0.000         0.000         0.000         0.000


           Standardized Residuals (z-scores) for Means/Intercepts/Thresholds
              SWLS1         SWLS2         SWLS3         SWLS4         SWLS5
              ________      ________      ________      ________      ________
      1         0.000         0.000         0.000         0.000         0.000


           Normalized Residuals for Means/Intercepts/Thresholds
              SWLS1         SWLS2         SWLS3         SWLS4         SWLS5
              ________      ________      ________      ________      ________
      1         0.000         0.000         0.000         0.000         0.000


           Model Estimated Covariances/Correlations/Residual Correlations
              SWLS1         SWLS2         SWLS3         SWLS4         SWLS5
              ________      ________      ________      ________      ________
 SWLS1          2.260
 SWLS2          1.547         1.972
 SWLS3          1.665         1.567         2.007
 SWLS4          1.541         1.451         1.562         2.474
 SWLS5          1.559         1.468         1.579         1.462         3.390


           Residuals for Covariances/Correlations/Residual Correlations
              SWLS1         SWLS2         SWLS3         SWLS4         SWLS5
              ________      ________      ________      ________      ________
 SWLS1          0.000
 SWLS2          0.079         0.000
 SWLS3         -0.026         0.006         0.000
 SWLS4         -0.107        -0.102         0.067         0.000
 SWLS5          0.074        -0.109        -0.061         0.299         0.000


           Standardized Residuals (z-scores) for Covariances/Correlations/Residual Corr
              SWLS1         SWLS2         SWLS3         SWLS4         SWLS5
              ________      ________      ________      ________      ________
 SWLS1          0.000
 SWLS2        999.000         0.000
 SWLS3         -0.998       999.000         0.000
 SWLS4         -1.890        -2.332       999.000         0.024
 SWLS5          1.264        -1.691        -1.690        16.208       999.000


           Normalized Residuals for Covariances/Correlations/Residual Correlations
              SWLS1         SWLS2         SWLS3         SWLS4         SWLS5
              ________      ________      ________      ________      ________
 SWLS1          0.000
 SWLS2          0.554         0.000
 SWLS3         -0.168         0.042         0.000
 SWLS4         -0.673        -0.686         0.407         0.000
 SWLS5          0.441        -0.696        -0.368         1.758         0.000


TECHNICAL 1 OUTPUT


     PARAMETER SPECIFICATION


           NU
              SWLS1         SWLS2         SWLS3         SWLS4         SWLS5
              ________      ________      ________      ________      ________
      1           1             2             3             4             5


           LAMBDA
              F
              ________
 SWLS1              0
 SWLS2              6
 SWLS3              7
 SWLS4              8
 SWLS5              9


           THETA
              SWLS1         SWLS2         SWLS3         SWLS4         SWLS5
              ________      ________      ________      ________      ________
 SWLS1             10
 SWLS2              0            11
 SWLS3              0             0            12
 SWLS4              0             0             0            13
 SWLS5              0             0             0             0            14


           ALPHA
              F
              ________
      1           0


           BETA
              F
              ________
 F                  0


           PSI
              F
              ________
 F                 15


     STARTING VALUES


           NU
              SWLS1         SWLS2         SWLS3         SWLS4         SWLS5
              ________      ________      ________      ________      ________
      1         5.075         5.367         5.422         5.223         4.772


           LAMBDA
              F
              ________
 SWLS1          1.000
 SWLS2          0.934
 SWLS3          0.980
 SWLS4          0.933
 SWLS5          0.900


           THETA
              SWLS1         SWLS2         SWLS3         SWLS4         SWLS5
              ________      ________      ________      ________      ________
 SWLS1          1.130
 SWLS2          0.000         0.986
 SWLS3          0.000         0.000         1.003
 SWLS4          0.000         0.000         0.000         1.237
 SWLS5          0.000         0.000         0.000         0.000         1.695


           ALPHA
              F
              ________
      1         0.000


           BETA
              F
              ________
 F              0.000


           PSI
              F
              ________
 F              0.050


TECHNICAL 3 OUTPUT


           ESTIMATED COVARIANCE MATRIX FOR PARAMETER ESTIMATES
                  1             2             3             4             5
              ________      ________      ________      ________      ________
      1     0.653251D-02
      2     0.469826D-02  0.570003D-02
      3     0.473643D-02  0.454750D-02  0.580030D-02
      4     0.414491D-02  0.389870D-02  0.470702D-02  0.714912D-02
      5     0.471896D-02  0.392593D-02  0.438815D-02  0.509188D-02  0.979786D-02
      6     0.165235D-03 -0.570068D-03  0.632472D-04 -0.173805D-04  0.181960D-03
      7    -0.248368D-03 -0.188985D-03 -0.796829D-03 -0.377503D-03 -0.416072D-03
      8     0.654700D-04  0.174892D-03 -0.227253D-03 -0.718281D-03 -0.371045D-03
      9     0.647702D-03  0.857091D-03  0.458406D-03  0.234928D-03 -0.375262D-03
     10    -0.247653D-02  0.119389D-03 -0.398466D-03 -0.159202D-03 -0.123477D-02
     11    -0.155796D-02 -0.855846D-03 -0.139422D-02 -0.567057D-03 -0.140429D-02
     12    -0.507946D-03 -0.456055D-03 -0.428351D-03 -0.921894D-03 -0.786345D-03
     13    -0.587569D-03 -0.781953D-03 -0.101628D-02 -0.450269D-02 -0.199557D-02
     14    -0.144208D-02 -0.161098D-02 -0.756732D-03 -0.149451D-02 -0.571639D-02
     15    -0.554619D-02 -0.518387D-02 -0.561608D-02 -0.472778D-02 -0.368435D-02


           ESTIMATED COVARIANCE MATRIX FOR PARAMETER ESTIMATES
                  6             7             8             9            10
              ________      ________      ________      ________      ________
      6     0.169600D-02
      7     0.749553D-03  0.208051D-02
      8     0.535401D-03  0.149848D-02  0.317455D-02
      9     0.143616D-03  0.816892D-03  0.159088D-02  0.428646D-02
     10     0.178651D-03  0.139536D-02  0.145528D-02  0.123421D-02  0.881760D-02
     11    -0.876154D-03  0.805764D-03  0.605451D-03  0.703042D-03  0.256814D-02
     12    -0.348265D-03 -0.114976D-02 -0.579265D-03  0.173704D-03 -0.996022D-03
     13     0.105774D-03 -0.808750D-03 -0.243621D-02 -0.119701D-02 -0.382640D-04
     14     0.862921D-03  0.602672D-04 -0.174165D-02 -0.728265D-02  0.905473D-03
     15    -0.219044D-02 -0.271549D-02 -0.297957D-02 -0.333083D-02 -0.398056D-02


           ESTIMATED COVARIANCE MATRIX FOR PARAMETER ESTIMATES
                 11            12            13            14            15
              ________      ________      ________      ________      ________
     11     0.516716D-02
     12    -0.529000D-03  0.340843D-02
     13     0.719475D-04  0.153612D-02  0.188988D-01
     14     0.262200D-03 -0.333604D-03  0.441422D-02  0.390086D-01
     15    -0.774025D-03  0.138466D-02  0.638007D-03 -0.631906D-03  0.258949D-01


           ESTIMATED CORRELATION MATRIX FOR PARAMETER ESTIMATES
                  1             2             3             4             5
              ________      ________      ________      ________      ________
      1         1.000
      2         0.770         1.000
      3         0.769         0.791         1.000
      4         0.607         0.611         0.731         1.000
      5         0.590         0.525         0.582         0.608         1.000
      6         0.050        -0.183         0.020        -0.005         0.045
      7        -0.067        -0.055        -0.229        -0.098        -0.092
      8         0.014         0.041        -0.053        -0.151        -0.067
      9         0.122         0.173         0.092         0.042        -0.058
     10        -0.326         0.017        -0.056        -0.020        -0.133
     11        -0.268        -0.158        -0.255        -0.093        -0.197
     12        -0.108        -0.103        -0.096        -0.187        -0.136
     13        -0.053        -0.075        -0.097        -0.387        -0.147
     14        -0.090        -0.108        -0.050        -0.089        -0.292
     15        -0.426        -0.427        -0.458        -0.347        -0.231


           ESTIMATED CORRELATION MATRIX FOR PARAMETER ESTIMATES
                  6             7             8             9            10
              ________      ________      ________      ________      ________
      6         1.000
      7         0.399         1.000
      8         0.231         0.583         1.000
      9         0.053         0.274         0.431         1.000
     10         0.046         0.326         0.275         0.201         1.000
     11        -0.296         0.246         0.149         0.149         0.380
     12        -0.145        -0.432        -0.176         0.045        -0.182
     13         0.019        -0.129        -0.315        -0.133        -0.003
     14         0.106         0.007        -0.157        -0.563         0.049
     15        -0.331        -0.370        -0.329        -0.316        -0.263


           ESTIMATED CORRELATION MATRIX FOR PARAMETER ESTIMATES
                 11            12            13            14            15
              ________      ________      ________      ________      ________
     11         1.000
     12        -0.126         1.000
     13         0.007         0.191         1.000
     14         0.018        -0.029         0.163         1.000
     15        -0.067         0.147         0.029        -0.020         1.000


SAMPLE STATISTICS FOR ESTIMATED FACTOR SCORES


     SAMPLE STATISTICS


           Means
              F             F_SE
              ________      ________
 1              0.000         0.343


           Covariances
              F             F_SE
              ________      ________
 F              1.525
 F_SE           0.000         0.000


           Correlations
              F             F_SE
              ________      ________
 F              1.000
 F_SE         999.000         1.000


PLOT INFORMATION

The following plots are available:

  Histograms (sample values, estimated factor scores, estimated values, residuals)
  Scatterplots (sample values, estimated factor scores, estimated values, residuals)
  Latent variable distribution plots

DIAGRAM INFORMATION

  Use View Diagram under the Diagram menu in the Mplus Editor to view the diagram.
  If running Mplus from the Mplus Diagrammer, the diagram opens automatically.

  Diagram output
    c:\users\kaite\dropbox\flexplavaan\exampledatasets\swls.linear.dgm

     Beginning Time:  12:35:31
        Ending Time:  12:35:31
       Elapsed Time:  00:00:00



MUTHEN & MUTHEN
3463 Stoner Ave.
Los Angeles, CA  90066

Tel: (310) 391-9971
Fax: (310) 391-8971
Web: www.StatModel.com
Support: Support@StatModel.com

Copyright (c) 1998-2015 Muthen & Muthen
